<?xml version="1.0" encoding="UTF-8" ?>
<testsuite tests="3" failures="0" name="xyz.lhtsky.atcrowdfunding.test.CrowdFundingTest" time="0.595" errors="2" skipped="0">
  <properties>
    <property name="java.runtime.name" value="Java(TM) SE Runtime Environment"/>
    <property name="sun.boot.library.path" value="C:\Program Files\Java\jdk1.8.0_181\jre\bin"/>
    <property name="java.vm.version" value="25.181-b13"/>
    <property name="java.vm.vendor" value="Oracle Corporation"/>
    <property name="maven.multiModuleProjectDirectory" value="G:\devop\atcrowdfunding-admin"/>
    <property name="java.vendor.url" value="http://java.oracle.com/"/>
    <property name="path.separator" value=";"/>
    <property name="guice.disable.misplaced.annotation.check" value="true"/>
    <property name="java.vm.name" value="Java HotSpot(TM) 64-Bit Server VM"/>
    <property name="file.encoding.pkg" value="sun.io"/>
    <property name="user.script" value=""/>
    <property name="user.country" value="CN"/>
    <property name="sun.java.launcher" value="SUN_STANDARD"/>
    <property name="sun.os.patch.level" value=""/>
    <property name="java.vm.specification.name" value="Java Virtual Machine Specification"/>
    <property name="user.dir" value="G:\devop\atcrowdfunding-admin"/>
    <property name="java.runtime.version" value="1.8.0_181-b13"/>
    <property name="java.awt.graphicsenv" value="sun.awt.Win32GraphicsEnvironment"/>
    <property name="java.endorsed.dirs" value="C:\Program Files\Java\jdk1.8.0_181\jre\lib\endorsed"/>
    <property name="os.arch" value="amd64"/>
    <property name="java.io.tmpdir" value="C:\Users\61970\AppData\Local\Temp\"/>
    <property name="line.separator" value="
"/>
    <property name="java.vm.specification.vendor" value="Oracle Corporation"/>
    <property name="user.variant" value=""/>
    <property name="os.name" value="Windows 10"/>
    <property name="maven.ext.class.path" value="C:\Program Files\JetBrains\IntelliJ IDEA 2019.1\plugins\maven\lib\maven-event-listener.jar"/>
    <property name="classworlds.conf" value="G:\apache\maven\bin\m2.conf"/>
    <property name="sun.jnu.encoding" value="GBK"/>
    <property name="java.library.path" value="C:\Program Files\Java\jdk1.8.0_181\bin;C:\WINDOWS\Sun\Java\bin;C:\WINDOWS\system32;C:\WINDOWS;C:\Program Files (x86)\NetSarang\Xshell 6\;C:\Program Files (x86)\Common Files\Oracle\Java\javapath;C:\WINDOWS\system32;C:\WINDOWS;C:\WINDOWS\System32\Wbem;C:\WINDOWS\System32\WindowsPowerShell\v1.0\;C:\WINDOWS\System32\OpenSSH\;C:\Program Files\Java\jdk1.8.0_181\bin;C:\Program Files\Java\jdk1.8.0_181\jre\bin;C:\Program Files (x86)\NVIDIA Corporation\PhysX\Common;C:\Program Files\Git\cmd;C:\WINDOWS\system32;C:\WINDOWS;C:\WINDOWS\System32\Wbem;C:\WINDOWS\System32\WindowsPowerShell\v1.0\;C:\WINDOWS\System32\OpenSSH\;G:\apache\maven\bin;D:\Anaconda3;D:\Anaconda3\Library\mingw-w64\bin;D:\Anaconda3\Library\usr\bin;D:\Anaconda3\Library\bin;D:\Anaconda3\Scripts;C:\Users\61970\AppData\Local\Microsoft\WindowsApps;;."/>
    <property name="maven.conf" value="G:\apache\maven/conf"/>
    <property name="java.specification.name" value="Java Platform API Specification"/>
    <property name="java.class.version" value="52.0"/>
    <property name="sun.management.compiler" value="HotSpot 64-Bit Tiered Compilers"/>
    <property name="idea.version2019.3.3" value="true"/>
    <property name="os.version" value="10.0"/>
    <property name="user.home" value="C:\Users\61970"/>
    <property name="user.timezone" value="Asia/Shanghai"/>
    <property name="java.awt.printerjob" value="sun.awt.windows.WPrinterJob"/>
    <property name="java.specification.version" value="1.8"/>
    <property name="file.encoding" value="UTF-8"/>
    <property name="user.name" value="61970"/>
    <property name="java.class.path" value="G:\apache\maven\boot\plexus-classworlds-2.6.0.jar;G:\apache\maven\boot\plexus-classworlds.license;C:\Program Files\JetBrains\IntelliJ IDEA 2019.1\lib\idea_rt.jar"/>
    <property name="java.vm.specification.version" value="1.8"/>
    <property name="sun.arch.data.model" value="64"/>
    <property name="java.home" value="C:\Program Files\Java\jdk1.8.0_181\jre"/>
    <property name="sun.java.command" value="org.codehaus.classworlds.Launcher -Didea.version2019.3.3 -s G:\apache\maven\conf\settings.xml install"/>
    <property name="java.specification.vendor" value="Oracle Corporation"/>
    <property name="user.language" value="zh"/>
    <property name="awt.toolkit" value="sun.awt.windows.WToolkit"/>
    <property name="java.vm.info" value="mixed mode"/>
    <property name="java.version" value="1.8.0_181"/>
    <property name="java.ext.dirs" value="C:\Program Files\Java\jdk1.8.0_181\jre\lib\ext;C:\WINDOWS\Sun\Java\lib\ext"/>
    <property name="sun.boot.class.path" value="C:\Program Files\Java\jdk1.8.0_181\jre\lib\resources.jar;C:\Program Files\Java\jdk1.8.0_181\jre\lib\rt.jar;C:\Program Files\Java\jdk1.8.0_181\jre\lib\sunrsasign.jar;C:\Program Files\Java\jdk1.8.0_181\jre\lib\jsse.jar;C:\Program Files\Java\jdk1.8.0_181\jre\lib\jce.jar;C:\Program Files\Java\jdk1.8.0_181\jre\lib\charsets.jar;C:\Program Files\Java\jdk1.8.0_181\jre\lib\jfr.jar;C:\Program Files\Java\jdk1.8.0_181\jre\classes"/>
    <property name="java.vendor" value="Oracle Corporation"/>
    <property name="maven.home" value="G:\apache\maven"/>
    <property name="file.separator" value="\"/>
    <property name="java.vendor.url.bug" value="http://bugreport.sun.com/bugreport/"/>
    <property name="sun.cpu.endian" value="little"/>
    <property name="sun.io.unicode.encoding" value="UnicodeLittle"/>
    <property name="sun.desktop" value="windows"/>
    <property name="sun.cpu.isalist" value="amd64"/>
  </properties>
  <testcase classname="xyz.lhtsky.atcrowdfunding.test.CrowdFundingTest" name="testConnection" time="0.259"/>
  <testcase classname="xyz.lhtsky.atcrowdfunding.test.CrowdFundingTest" name="testTx" time="0.228">
    <error message="/ by zero" type="java.lang.ArithmeticException">java.lang.ArithmeticException: / by zero
	at xyz.lhtsky.atcrowdfunding.service.impl.AdminServiceImpl.updateAdmin(AdminServiceImpl.java:26)
	at sun.reflect.NativeMethodAccessorImpl.invoke0(Native Method)
	at sun.reflect.NativeMethodAccessorImpl.invoke(NativeMethodAccessorImpl.java:62)
	at sun.reflect.DelegatingMethodAccessorImpl.invoke(DelegatingMethodAccessorImpl.java:43)
	at java.lang.reflect.Method.invoke(Method.java:498)
	at org.springframework.aop.support.AopUtils.invokeJoinpointUsingReflection(AopUtils.java:343)
	at org.springframework.aop.framework.ReflectiveMethodInvocation.invokeJoinpoint(ReflectiveMethodInvocation.java:198)
	at org.springframework.aop.framework.ReflectiveMethodInvocation.proceed(ReflectiveMethodInvocation.java:163)
	at org.springframework.transaction.interceptor.TransactionAspectSupport.invokeWithinTransaction(TransactionAspectSupport.java:294)
	at org.springframework.transaction.interceptor.TransactionInterceptor.invoke(TransactionInterceptor.java:98)
	at org.springframework.aop.framework.ReflectiveMethodInvocation.proceed(ReflectiveMethodInvocation.java:186)
	at org.springframework.aop.interceptor.ExposeInvocationInterceptor.invoke(ExposeInvocationInterceptor.java:93)
	at org.springframework.aop.framework.ReflectiveMethodInvocation.proceed(ReflectiveMethodInvocation.java:186)
	at org.springframework.aop.framework.JdkDynamicAopProxy.invoke(JdkDynamicAopProxy.java:212)
	at com.sun.proxy.$Proxy22.updateAdmin(Unknown Source)
	at xyz.lhtsky.atcrowdfunding.test.CrowdFundingTest.testTx(CrowdFundingTest.java:28)
	at sun.reflect.NativeMethodAccessorImpl.invoke0(Native Method)
	at sun.reflect.NativeMethodAccessorImpl.invoke(NativeMethodAccessorImpl.java:62)
	at sun.reflect.DelegatingMethodAccessorImpl.invoke(DelegatingMethodAccessorImpl.java:43)
	at java.lang.reflect.Method.invoke(Method.java:498)
	at org.junit.runners.model.FrameworkMethod$1.runReflectiveCall(FrameworkMethod.java:50)
	at org.junit.internal.runners.model.ReflectiveCallable.run(ReflectiveCallable.java:12)
	at org.junit.runners.model.FrameworkMethod.invokeExplosively(FrameworkMethod.java:47)
	at org.junit.internal.runners.statements.InvokeMethod.evaluate(InvokeMethod.java:17)
	at org.springframework.test.context.junit4.statements.RunBeforeTestExecutionCallbacks.evaluate(RunBeforeTestExecutionCallbacks.java:74)
	at org.springframework.test.context.junit4.statements.RunAfterTestExecutionCallbacks.evaluate(RunAfterTestExecutionCallbacks.java:84)
	at org.springframework.test.context.junit4.statements.RunBeforeTestMethodCallbacks.evaluate(RunBeforeTestMethodCallbacks.java:75)
	at org.springframework.test.context.junit4.statements.RunAfterTestMethodCallbacks.evaluate(RunAfterTestMethodCallbacks.java:86)
	at org.springframework.test.context.junit4.statements.SpringRepeat.evaluate(SpringRepeat.java:84)
	at org.junit.runners.ParentRunner.runLeaf(ParentRunner.java:325)
	at org.springframework.test.context.junit4.SpringJUnit4ClassRunner.runChild(SpringJUnit4ClassRunner.java:251)
	at org.springframework.test.context.junit4.SpringJUnit4ClassRunner.runChild(SpringJUnit4ClassRunner.java:97)
	at org.junit.runners.ParentRunner$3.run(ParentRunner.java:290)
	at org.junit.runners.ParentRunner$1.schedule(ParentRunner.java:71)
	at org.junit.runners.ParentRunner.runChildren(ParentRunner.java:288)
	at org.junit.runners.ParentRunner.access$000(ParentRunner.java:58)
	at org.junit.runners.ParentRunner$2.evaluate(ParentRunner.java:268)
	at org.springframework.test.context.junit4.statements.RunBeforeTestClassCallbacks.evaluate(RunBeforeTestClassCallbacks.java:61)
	at org.springframework.test.context.junit4.statements.RunAfterTestClassCallbacks.evaluate(RunAfterTestClassCallbacks.java:70)
	at org.junit.runners.ParentRunner.run(ParentRunner.java:363)
	at org.springframework.test.context.junit4.SpringJUnit4ClassRunner.run(SpringJUnit4ClassRunner.java:190)
	at org.apache.maven.surefire.junit4.JUnit4Provider.execute(JUnit4Provider.java:252)
	at org.apache.maven.surefire.junit4.JUnit4Provider.executeTestSet(JUnit4Provider.java:141)
	at org.apache.maven.surefire.junit4.JUnit4Provider.invoke(JUnit4Provider.java:112)
	at sun.reflect.NativeMethodAccessorImpl.invoke0(Native Method)
	at sun.reflect.NativeMethodAccessorImpl.invoke(NativeMethodAccessorImpl.java:62)
	at sun.reflect.DelegatingMethodAccessorImpl.invoke(DelegatingMethodAccessorImpl.java:43)
	at java.lang.reflect.Method.invoke(Method.java:498)
	at org.apache.maven.surefire.util.ReflectionUtils.invokeMethodWithArray(ReflectionUtils.java:189)
	at org.apache.maven.surefire.booter.ProviderFactory$ProviderProxy.invoke(ProviderFactory.java:165)
	at org.apache.maven.surefire.booter.ProviderFactory.invokeProvider(ProviderFactory.java:85)
	at org.apache.maven.surefire.booter.ForkedBooter.runSuitesInProcess(ForkedBooter.java:115)
	at org.apache.maven.surefire.booter.ForkedBooter.main(ForkedBooter.java:75)
</error>
    <system-out>[DEBUG] 2020-02-18 17:02:40,280(1354) --&gt; [main] org.springframework.test.annotation.ProfileValueUtils.retrieveProfileValueSource(ProfileValueUtils.java:70): Retrieved @ProfileValueSourceConfiguration [null] for test class [xyz.lhtsky.atcrowdfunding.test.CrowdFundingTest]  
[DEBUG] 2020-02-18 17:02:40,281(1355) --&gt; [main] org.springframework.test.annotation.ProfileValueUtils.retrieveProfileValueSource(ProfileValueUtils.java:83): Retrieved ProfileValueSource type [class org.springframework.test.annotation.SystemProfileValueSource] for class [xyz.lhtsky.atcrowdfunding.test.CrowdFundingTest]  
[DEBUG] 2020-02-18 17:02:40,281(1355) --&gt; [main] org.springframework.test.context.support.DependencyInjectionTestExecutionListener.prepareTestInstance(DependencyInjectionTestExecutionListener.java:81): Performing dependency injection for test context [[DefaultTestContext@5faeada1 testClass = CrowdFundingTest, testInstance = xyz.lhtsky.atcrowdfunding.test.CrowdFundingTest@8c3619e, testMethod = [null], testException = [null], mergedContextConfiguration = [MergedContextConfiguration@528931cf testClass = CrowdFundingTest, locations = &apos;{classpath:spring-persist-mybatis.xml, classpath:spring-persist-tx.xml}&apos;, classes = &apos;{}&apos;, contextInitializerClasses = &apos;[]&apos;, activeProfiles = &apos;{}&apos;, propertySourceLocations = &apos;{}&apos;, propertySourceProperties = &apos;{}&apos;, contextCustomizers = set[[empty]], contextLoader = &apos;org.springframework.test.context.support.DelegatingSmartContextLoader&apos;, parent = [null]], attributes = map[[empty]]]].  
[DEBUG] 2020-02-18 17:02:40,282(1356) --&gt; [main] org.springframework.test.context.cache.DefaultCacheAwareContextLoaderDelegate.loadContext(DefaultCacheAwareContextLoaderDelegate.java:130): Retrieved ApplicationContext from cache with key [[MergedContextConfiguration@528931cf testClass = CrowdFundingTest, locations = &apos;{classpath:spring-persist-mybatis.xml, classpath:spring-persist-tx.xml}&apos;, classes = &apos;{}&apos;, contextInitializerClasses = &apos;[]&apos;, activeProfiles = &apos;{}&apos;, propertySourceLocations = &apos;{}&apos;, propertySourceProperties = &apos;{}&apos;, contextCustomizers = set[[empty]], contextLoader = &apos;org.springframework.test.context.support.DelegatingSmartContextLoader&apos;, parent = [null]]]  
[DEBUG] 2020-02-18 17:02:40,282(1356) --&gt; [main] org.springframework.test.context.cache.DefaultContextCache.logStatistics(DefaultContextCache.java:290): Spring test ApplicationContext cache statistics: [DefaultContextCache@56c4278e size = 1, maxSize = 32, parentContextCount = 0, hitCount = 1, missCount = 1]  
[DEBUG] 2020-02-18 17:02:40,282(1356) --&gt; [main] org.springframework.test.context.support.AbstractDirtiesContextTestExecutionListener.beforeOrAfterTestMethod(AbstractDirtiesContextTestExecutionListener.java:107): Before test method: context [DefaultTestContext@5faeada1 testClass = CrowdFundingTest, testInstance = xyz.lhtsky.atcrowdfunding.test.CrowdFundingTest@8c3619e, testMethod = testTx@CrowdFundingTest, testException = [null], mergedContextConfiguration = [MergedContextConfiguration@528931cf testClass = CrowdFundingTest, locations = &apos;{classpath:spring-persist-mybatis.xml, classpath:spring-persist-tx.xml}&apos;, classes = &apos;{}&apos;, contextInitializerClasses = &apos;[]&apos;, activeProfiles = &apos;{}&apos;, propertySourceLocations = &apos;{}&apos;, propertySourceProperties = &apos;{}&apos;, contextCustomizers = set[[empty]], contextLoader = &apos;org.springframework.test.context.support.DelegatingSmartContextLoader&apos;, parent = [null]], attributes = map[[empty]]], class annotated with @DirtiesContext [false] with mode [null], method annotated with @DirtiesContext [false] with mode [null].  
[DEBUG] 2020-02-18 17:02:40,290(1364) --&gt; [main] org.springframework.transaction.support.AbstractPlatformTransactionManager.getTransaction(AbstractPlatformTransactionManager.java:372): Creating new transaction with name [xyz.lhtsky.atcrowdfunding.service.impl.AdminServiceImpl.updateAdmin]: PROPAGATION_REQUIRES_NEW,ISOLATION_DEFAULT,-java.lang.Exception  
[DEBUG] 2020-02-18 17:02:40,296(1370) --&gt; [main] org.springframework.jdbc.datasource.DataSourceTransactionManager.doBegin(DataSourceTransactionManager.java:264): Acquired Connection [com.mysql.cj.jdbc.ConnectionImpl@12f9af83] for JDBC transaction  
[DEBUG] 2020-02-18 17:02:40,300(1374) --&gt; [main] org.springframework.jdbc.datasource.DataSourceTransactionManager.doBegin(DataSourceTransactionManager.java:281): Switching JDBC Connection [com.mysql.cj.jdbc.ConnectionImpl@12f9af83] to manual commit  
[DEBUG] 2020-02-18 17:02:40,306(1380) --&gt; [main] org.mybatis.spring.SqlSessionUtils.getSqlSession(SqlSessionUtils.java:104): Creating a new SqlSession  
[DEBUG] 2020-02-18 17:02:40,311(1385) --&gt; [main] org.mybatis.spring.SqlSessionUtils.getSqlSession(SqlSessionUtils.java:120): Registering transaction synchronization for SqlSession [org.apache.ibatis.session.defaults.DefaultSqlSession@561868a0]  
[DEBUG] 2020-02-18 17:02:40,316(1390) --&gt; [main] org.mybatis.spring.transaction.SpringManagedTransaction.openConnection(SpringManagedTransaction.java:86): JDBC Connection [com.mysql.cj.jdbc.ConnectionImpl@12f9af83] will be managed by Spring  
[DEBUG] 2020-02-18 17:02:40,320(1394) --&gt; [main] org.apache.ibatis.logging.jdbc.BaseJdbcLogger.debug(BaseJdbcLogger.java:139): ==&gt;  Preparing: update t_admin set login_acct = ?, user_pswd = ?, user_name = ?, email = ?, create_time = ? where id = ?   
[DEBUG] 2020-02-18 17:02:40,346(1420) --&gt; [main] org.apache.ibatis.logging.jdbc.BaseJdbcLogger.debug(BaseJdbcLogger.java:139): ==&gt; Parameters: harry333(String), 123123(String), ����333(String), harry@qq.com(String), null, 1(Integer)  
[DEBUG] 2020-02-18 17:02:40,349(1423) --&gt; [main] org.apache.ibatis.logging.jdbc.BaseJdbcLogger.debug(BaseJdbcLogger.java:139): &lt;==    Updates: 1  
[DEBUG] 2020-02-18 17:02:40,349(1423) --&gt; [main] org.mybatis.spring.SqlSessionUtils.closeSqlSession(SqlSessionUtils.java:163): Releasing transactional SqlSession [org.apache.ibatis.session.defaults.DefaultSqlSession@561868a0]  
[DEBUG] 2020-02-18 17:02:40,349(1423) --&gt; [main] org.mybatis.spring.SqlSessionUtils$SqlSessionSynchronization.beforeCompletion(SqlSessionUtils.java:287): Transaction synchronization deregistering SqlSession [org.apache.ibatis.session.defaults.DefaultSqlSession@561868a0]  
[DEBUG] 2020-02-18 17:02:40,350(1424) --&gt; [main] org.mybatis.spring.SqlSessionUtils$SqlSessionSynchronization.beforeCompletion(SqlSessionUtils.java:292): Transaction synchronization closing SqlSession [org.apache.ibatis.session.defaults.DefaultSqlSession@561868a0]  
[DEBUG] 2020-02-18 17:02:40,350(1424) --&gt; [main] org.springframework.transaction.support.AbstractPlatformTransactionManager.processRollback(AbstractPlatformTransactionManager.java:836): Initiating transaction rollback  
[DEBUG] 2020-02-18 17:02:40,350(1424) --&gt; [main] org.springframework.jdbc.datasource.DataSourceTransactionManager.doRollback(DataSourceTransactionManager.java:341): Rolling back JDBC transaction on Connection [com.mysql.cj.jdbc.ConnectionImpl@12f9af83]  
[DEBUG] 2020-02-18 17:02:40,497(1571) --&gt; [main] org.springframework.jdbc.datasource.DataSourceTransactionManager.doCleanupAfterCompletion(DataSourceTransactionManager.java:384): Releasing JDBC Connection [com.mysql.cj.jdbc.ConnectionImpl@12f9af83] after transaction  
[DEBUG] 2020-02-18 17:02:40,501(1575) --&gt; [main] org.springframework.test.context.support.AbstractDirtiesContextTestExecutionListener.beforeOrAfterTestMethod(AbstractDirtiesContextTestExecutionListener.java:107): After test method: context [DefaultTestContext@5faeada1 testClass = CrowdFundingTest, testInstance = xyz.lhtsky.atcrowdfunding.test.CrowdFundingTest@8c3619e, testMethod = testTx@CrowdFundingTest, testException = java.lang.ArithmeticException: / by zero, mergedContextConfiguration = [MergedContextConfiguration@528931cf testClass = CrowdFundingTest, locations = &apos;{classpath:spring-persist-mybatis.xml, classpath:spring-persist-tx.xml}&apos;, classes = &apos;{}&apos;, contextInitializerClasses = &apos;[]&apos;, activeProfiles = &apos;{}&apos;, propertySourceLocations = &apos;{}&apos;, propertySourceProperties = &apos;{}&apos;, contextCustomizers = set[[empty]], contextLoader = &apos;org.springframework.test.context.support.DelegatingSmartContextLoader&apos;, parent = [null]], attributes = map[[empty]]], class annotated with @DirtiesContext [false] with mode [null], method annotated with @DirtiesContext [false] with mode [null].  
</system-out>
  </testcase>
  <testcase classname="xyz.lhtsky.atcrowdfunding.test.CrowdFundingTest" name="testMybatis" time="0.108">
    <error message="nested exception is org.apache.ibatis.reflection.ReflectionException: Error instantiating class xyz.lhtsky.atcrowdfunding.entity.Admin with invalid types () or values (). Cause: java.lang.NoSuchMethodException: xyz.lhtsky.atcrowdfunding.entity.Admin.&lt;init&gt;()" type="org.mybatis.spring.MyBatisSystemException">org.mybatis.spring.MyBatisSystemException: nested exception is org.apache.ibatis.reflection.ReflectionException: Error instantiating class xyz.lhtsky.atcrowdfunding.entity.Admin with invalid types () or values (). Cause: java.lang.NoSuchMethodException: xyz.lhtsky.atcrowdfunding.entity.Admin.&lt;init&gt;()
	at org.mybatis.spring.MyBatisExceptionTranslator.translateExceptionIfPossible(MyBatisExceptionTranslator.java:75)
	at org.mybatis.spring.SqlSessionTemplate$SqlSessionInterceptor.invoke(SqlSessionTemplate.java:371)
	at com.sun.proxy.$Proxy18.selectList(Unknown Source)
	at org.mybatis.spring.SqlSessionTemplate.selectList(SqlSessionTemplate.java:198)
	at org.apache.ibatis.binding.MapperMethod.executeForMany(MapperMethod.java:119)
	at org.apache.ibatis.binding.MapperMethod.execute(MapperMethod.java:63)
	at org.apache.ibatis.binding.MapperProxy.invoke(MapperProxy.java:52)
	at com.sun.proxy.$Proxy19.selectByExample(Unknown Source)
	at xyz.lhtsky.atcrowdfunding.service.impl.AdminServiceImpl.getAll(AdminServiceImpl.java:20)
	at sun.reflect.NativeMethodAccessorImpl.invoke0(Native Method)
	at sun.reflect.NativeMethodAccessorImpl.invoke(NativeMethodAccessorImpl.java:62)
	at sun.reflect.DelegatingMethodAccessorImpl.invoke(DelegatingMethodAccessorImpl.java:43)
	at java.lang.reflect.Method.invoke(Method.java:498)
	at org.springframework.aop.support.AopUtils.invokeJoinpointUsingReflection(AopUtils.java:343)
	at org.springframework.aop.framework.ReflectiveMethodInvocation.invokeJoinpoint(ReflectiveMethodInvocation.java:198)
	at org.springframework.aop.framework.ReflectiveMethodInvocation.proceed(ReflectiveMethodInvocation.java:163)
	at org.springframework.transaction.interceptor.TransactionAspectSupport.invokeWithinTransaction(TransactionAspectSupport.java:294)
	at org.springframework.transaction.interceptor.TransactionInterceptor.invoke(TransactionInterceptor.java:98)
	at org.springframework.aop.framework.ReflectiveMethodInvocation.proceed(ReflectiveMethodInvocation.java:186)
	at org.springframework.aop.interceptor.ExposeInvocationInterceptor.invoke(ExposeInvocationInterceptor.java:93)
	at org.springframework.aop.framework.ReflectiveMethodInvocation.proceed(ReflectiveMethodInvocation.java:186)
	at org.springframework.aop.framework.JdkDynamicAopProxy.invoke(JdkDynamicAopProxy.java:212)
	at com.sun.proxy.$Proxy22.getAll(Unknown Source)
	at xyz.lhtsky.atcrowdfunding.test.CrowdFundingTest.testMybatis(CrowdFundingTest.java:33)
	at sun.reflect.NativeMethodAccessorImpl.invoke0(Native Method)
	at sun.reflect.NativeMethodAccessorImpl.invoke(NativeMethodAccessorImpl.java:62)
	at sun.reflect.DelegatingMethodAccessorImpl.invoke(DelegatingMethodAccessorImpl.java:43)
	at java.lang.reflect.Method.invoke(Method.java:498)
	at org.junit.runners.model.FrameworkMethod$1.runReflectiveCall(FrameworkMethod.java:50)
	at org.junit.internal.runners.model.ReflectiveCallable.run(ReflectiveCallable.java:12)
	at org.junit.runners.model.FrameworkMethod.invokeExplosively(FrameworkMethod.java:47)
	at org.junit.internal.runners.statements.InvokeMethod.evaluate(InvokeMethod.java:17)
	at org.springframework.test.context.junit4.statements.RunBeforeTestExecutionCallbacks.evaluate(RunBeforeTestExecutionCallbacks.java:74)
	at org.springframework.test.context.junit4.statements.RunAfterTestExecutionCallbacks.evaluate(RunAfterTestExecutionCallbacks.java:84)
	at org.springframework.test.context.junit4.statements.RunBeforeTestMethodCallbacks.evaluate(RunBeforeTestMethodCallbacks.java:75)
	at org.springframework.test.context.junit4.statements.RunAfterTestMethodCallbacks.evaluate(RunAfterTestMethodCallbacks.java:86)
	at org.springframework.test.context.junit4.statements.SpringRepeat.evaluate(SpringRepeat.java:84)
	at org.junit.runners.ParentRunner.runLeaf(ParentRunner.java:325)
	at org.springframework.test.context.junit4.SpringJUnit4ClassRunner.runChild(SpringJUnit4ClassRunner.java:251)
	at org.springframework.test.context.junit4.SpringJUnit4ClassRunner.runChild(SpringJUnit4ClassRunner.java:97)
	at org.junit.runners.ParentRunner$3.run(ParentRunner.java:290)
	at org.junit.runners.ParentRunner$1.schedule(ParentRunner.java:71)
	at org.junit.runners.ParentRunner.runChildren(ParentRunner.java:288)
	at org.junit.runners.ParentRunner.access$000(ParentRunner.java:58)
	at org.junit.runners.ParentRunner$2.evaluate(ParentRunner.java:268)
	at org.springframework.test.context.junit4.statements.RunBeforeTestClassCallbacks.evaluate(RunBeforeTestClassCallbacks.java:61)
	at org.springframework.test.context.junit4.statements.RunAfterTestClassCallbacks.evaluate(RunAfterTestClassCallbacks.java:70)
	at org.junit.runners.ParentRunner.run(ParentRunner.java:363)
	at org.springframework.test.context.junit4.SpringJUnit4ClassRunner.run(SpringJUnit4ClassRunner.java:190)
	at org.apache.maven.surefire.junit4.JUnit4Provider.execute(JUnit4Provider.java:252)
	at org.apache.maven.surefire.junit4.JUnit4Provider.executeTestSet(JUnit4Provider.java:141)
	at org.apache.maven.surefire.junit4.JUnit4Provider.invoke(JUnit4Provider.java:112)
	at sun.reflect.NativeMethodAccessorImpl.invoke0(Native Method)
	at sun.reflect.NativeMethodAccessorImpl.invoke(NativeMethodAccessorImpl.java:62)
	at sun.reflect.DelegatingMethodAccessorImpl.invoke(DelegatingMethodAccessorImpl.java:43)
	at java.lang.reflect.Method.invoke(Method.java:498)
	at org.apache.maven.surefire.util.ReflectionUtils.invokeMethodWithArray(ReflectionUtils.java:189)
	at org.apache.maven.surefire.booter.ProviderFactory$ProviderProxy.invoke(ProviderFactory.java:165)
	at org.apache.maven.surefire.booter.ProviderFactory.invokeProvider(ProviderFactory.java:85)
	at org.apache.maven.surefire.booter.ForkedBooter.runSuitesInProcess(ForkedBooter.java:115)
	at org.apache.maven.surefire.booter.ForkedBooter.main(ForkedBooter.java:75)
Caused by: org.apache.ibatis.reflection.ReflectionException: Error instantiating class xyz.lhtsky.atcrowdfunding.entity.Admin with invalid types () or values (). Cause: java.lang.NoSuchMethodException: xyz.lhtsky.atcrowdfunding.entity.Admin.&lt;init&gt;()
	at org.apache.ibatis.reflection.factory.DefaultObjectFactory.instantiateClass(DefaultObjectFactory.java:86)
	at org.apache.ibatis.reflection.factory.DefaultObjectFactory.create(DefaultObjectFactory.java:48)
	at org.apache.ibatis.reflection.factory.DefaultObjectFactory.create(DefaultObjectFactory.java:41)
	at org.apache.ibatis.executor.resultset.DefaultResultSetHandler.createResultObject(DefaultResultSetHandler.java:539)
	at org.apache.ibatis.executor.resultset.DefaultResultSetHandler.createResultObject(DefaultResultSetHandler.java:518)
	at org.apache.ibatis.executor.resultset.DefaultResultSetHandler.getRowValue(DefaultResultSetHandler.java:334)
	at org.apache.ibatis.executor.resultset.DefaultResultSetHandler.handleRowValuesForSimpleResultMap(DefaultResultSetHandler.java:294)
	at org.apache.ibatis.executor.resultset.DefaultResultSetHandler.handleRowValues(DefaultResultSetHandler.java:269)
	at org.apache.ibatis.executor.resultset.DefaultResultSetHandler.handleResultSet(DefaultResultSetHandler.java:239)
	at org.apache.ibatis.executor.resultset.DefaultResultSetHandler.handleResultSets(DefaultResultSetHandler.java:153)
	at org.apache.ibatis.executor.statement.PreparedStatementHandler.query(PreparedStatementHandler.java:60)
	at org.apache.ibatis.executor.statement.RoutingStatementHandler.query(RoutingStatementHandler.java:73)
	at org.apache.ibatis.executor.SimpleExecutor.doQuery(SimpleExecutor.java:60)
	at org.apache.ibatis.executor.BaseExecutor.queryFromDatabase(BaseExecutor.java:267)
	at org.apache.ibatis.executor.BaseExecutor.query(BaseExecutor.java:137)
	at org.apache.ibatis.executor.CachingExecutor.query(CachingExecutor.java:96)
	at org.apache.ibatis.executor.CachingExecutor.query(CachingExecutor.java:77)
	at org.apache.ibatis.session.defaults.DefaultSqlSession.selectList(DefaultSqlSession.java:108)
	at org.apache.ibatis.session.defaults.DefaultSqlSession.selectList(DefaultSqlSession.java:102)
	at sun.reflect.NativeMethodAccessorImpl.invoke0(Native Method)
	at sun.reflect.NativeMethodAccessorImpl.invoke(NativeMethodAccessorImpl.java:62)
	at sun.reflect.DelegatingMethodAccessorImpl.invoke(DelegatingMethodAccessorImpl.java:43)
	at java.lang.reflect.Method.invoke(Method.java:498)
	at org.mybatis.spring.SqlSessionTemplate$SqlSessionInterceptor.invoke(SqlSessionTemplate.java:358)
	... 59 more
Caused by: java.lang.NoSuchMethodException: xyz.lhtsky.atcrowdfunding.entity.Admin.&lt;init&gt;()
	at java.lang.Class.getConstructor0(Class.java:3082)
	at java.lang.Class.getDeclaredConstructor(Class.java:2178)
	at org.apache.ibatis.reflection.factory.DefaultObjectFactory.instantiateClass(DefaultObjectFactory.java:60)
	... 82 more
</error>
    <system-out>[DEBUG] 2020-02-18 17:02:40,509(1583) --&gt; [main] org.springframework.test.annotation.ProfileValueUtils.retrieveProfileValueSource(ProfileValueUtils.java:70): Retrieved @ProfileValueSourceConfiguration [null] for test class [xyz.lhtsky.atcrowdfunding.test.CrowdFundingTest]  
[DEBUG] 2020-02-18 17:02:40,509(1583) --&gt; [main] org.springframework.test.annotation.ProfileValueUtils.retrieveProfileValueSource(ProfileValueUtils.java:83): Retrieved ProfileValueSource type [class org.springframework.test.annotation.SystemProfileValueSource] for class [xyz.lhtsky.atcrowdfunding.test.CrowdFundingTest]  
[DEBUG] 2020-02-18 17:02:40,510(1584) --&gt; [main] org.springframework.test.context.support.DependencyInjectionTestExecutionListener.prepareTestInstance(DependencyInjectionTestExecutionListener.java:81): Performing dependency injection for test context [[DefaultTestContext@5faeada1 testClass = CrowdFundingTest, testInstance = xyz.lhtsky.atcrowdfunding.test.CrowdFundingTest@3f270e0a, testMethod = [null], testException = [null], mergedContextConfiguration = [MergedContextConfiguration@528931cf testClass = CrowdFundingTest, locations = &apos;{classpath:spring-persist-mybatis.xml, classpath:spring-persist-tx.xml}&apos;, classes = &apos;{}&apos;, contextInitializerClasses = &apos;[]&apos;, activeProfiles = &apos;{}&apos;, propertySourceLocations = &apos;{}&apos;, propertySourceProperties = &apos;{}&apos;, contextCustomizers = set[[empty]], contextLoader = &apos;org.springframework.test.context.support.DelegatingSmartContextLoader&apos;, parent = [null]], attributes = map[[empty]]]].  
[DEBUG] 2020-02-18 17:02:40,511(1585) --&gt; [main] org.springframework.test.context.cache.DefaultCacheAwareContextLoaderDelegate.loadContext(DefaultCacheAwareContextLoaderDelegate.java:130): Retrieved ApplicationContext from cache with key [[MergedContextConfiguration@528931cf testClass = CrowdFundingTest, locations = &apos;{classpath:spring-persist-mybatis.xml, classpath:spring-persist-tx.xml}&apos;, classes = &apos;{}&apos;, contextInitializerClasses = &apos;[]&apos;, activeProfiles = &apos;{}&apos;, propertySourceLocations = &apos;{}&apos;, propertySourceProperties = &apos;{}&apos;, contextCustomizers = set[[empty]], contextLoader = &apos;org.springframework.test.context.support.DelegatingSmartContextLoader&apos;, parent = [null]]]  
[DEBUG] 2020-02-18 17:02:40,513(1587) --&gt; [main] org.springframework.test.context.cache.DefaultContextCache.logStatistics(DefaultContextCache.java:290): Spring test ApplicationContext cache statistics: [DefaultContextCache@56c4278e size = 1, maxSize = 32, parentContextCount = 0, hitCount = 2, missCount = 1]  
[DEBUG] 2020-02-18 17:02:40,516(1590) --&gt; [main] org.springframework.test.context.support.AbstractDirtiesContextTestExecutionListener.beforeOrAfterTestMethod(AbstractDirtiesContextTestExecutionListener.java:107): Before test method: context [DefaultTestContext@5faeada1 testClass = CrowdFundingTest, testInstance = xyz.lhtsky.atcrowdfunding.test.CrowdFundingTest@3f270e0a, testMethod = testMybatis@CrowdFundingTest, testException = [null], mergedContextConfiguration = [MergedContextConfiguration@528931cf testClass = CrowdFundingTest, locations = &apos;{classpath:spring-persist-mybatis.xml, classpath:spring-persist-tx.xml}&apos;, classes = &apos;{}&apos;, contextInitializerClasses = &apos;[]&apos;, activeProfiles = &apos;{}&apos;, propertySourceLocations = &apos;{}&apos;, propertySourceProperties = &apos;{}&apos;, contextCustomizers = set[[empty]], contextLoader = &apos;org.springframework.test.context.support.DelegatingSmartContextLoader&apos;, parent = [null]], attributes = map[[empty]]], class annotated with @DirtiesContext [false] with mode [null], method annotated with @DirtiesContext [false] with mode [null].  
[DEBUG] 2020-02-18 17:02:40,517(1591) --&gt; [main] org.springframework.transaction.support.AbstractPlatformTransactionManager.getTransaction(AbstractPlatformTransactionManager.java:372): Creating new transaction with name [xyz.lhtsky.atcrowdfunding.service.impl.AdminServiceImpl.getAll]: PROPAGATION_REQUIRED,ISOLATION_DEFAULT,readOnly  
[DEBUG] 2020-02-18 17:02:40,518(1592) --&gt; [main] org.springframework.jdbc.datasource.DataSourceTransactionManager.doBegin(DataSourceTransactionManager.java:264): Acquired Connection [com.mysql.cj.jdbc.ConnectionImpl@12f9af83] for JDBC transaction  
[DEBUG] 2020-02-18 17:02:40,519(1593) --&gt; [main] org.springframework.jdbc.datasource.DataSourceUtils.prepareConnectionForTransaction(DataSourceUtils.java:182): Setting JDBC Connection [com.mysql.cj.jdbc.ConnectionImpl@12f9af83] read-only  
[DEBUG] 2020-02-18 17:02:40,520(1594) --&gt; [main] org.springframework.jdbc.datasource.DataSourceTransactionManager.doBegin(DataSourceTransactionManager.java:281): Switching JDBC Connection [com.mysql.cj.jdbc.ConnectionImpl@12f9af83] to manual commit  
[DEBUG] 2020-02-18 17:02:40,522(1596) --&gt; [main] org.mybatis.spring.SqlSessionUtils.getSqlSession(SqlSessionUtils.java:104): Creating a new SqlSession  
[DEBUG] 2020-02-18 17:02:40,522(1596) --&gt; [main] org.mybatis.spring.SqlSessionUtils.getSqlSession(SqlSessionUtils.java:120): Registering transaction synchronization for SqlSession [org.apache.ibatis.session.defaults.DefaultSqlSession@1a760689]  
[DEBUG] 2020-02-18 17:02:40,572(1646) --&gt; [main] org.mybatis.spring.transaction.SpringManagedTransaction.openConnection(SpringManagedTransaction.java:86): JDBC Connection [com.mysql.cj.jdbc.ConnectionImpl@12f9af83] will be managed by Spring  
[DEBUG] 2020-02-18 17:02:40,572(1646) --&gt; [main] org.apache.ibatis.logging.jdbc.BaseJdbcLogger.debug(BaseJdbcLogger.java:139): ==&gt;  Preparing: select id, login_acct, user_pswd, user_name, email, create_time from t_admin   
[DEBUG] 2020-02-18 17:02:40,573(1647) --&gt; [main] org.apache.ibatis.logging.jdbc.BaseJdbcLogger.debug(BaseJdbcLogger.java:139): ==&gt; Parameters:   
[DEBUG] 2020-02-18 17:02:40,615(1689) --&gt; [main] org.mybatis.spring.SqlSessionUtils.closeSqlSession(SqlSessionUtils.java:163): Releasing transactional SqlSession [org.apache.ibatis.session.defaults.DefaultSqlSession@1a760689]  
[DEBUG] 2020-02-18 17:02:40,616(1690) --&gt; [main] org.mybatis.spring.SqlSessionUtils$SqlSessionSynchronization.beforeCompletion(SqlSessionUtils.java:287): Transaction synchronization deregistering SqlSession [org.apache.ibatis.session.defaults.DefaultSqlSession@1a760689]  
[DEBUG] 2020-02-18 17:02:40,616(1690) --&gt; [main] org.mybatis.spring.SqlSessionUtils$SqlSessionSynchronization.beforeCompletion(SqlSessionUtils.java:292): Transaction synchronization closing SqlSession [org.apache.ibatis.session.defaults.DefaultSqlSession@1a760689]  
[DEBUG] 2020-02-18 17:02:40,616(1690) --&gt; [main] org.springframework.transaction.support.AbstractPlatformTransactionManager.processRollback(AbstractPlatformTransactionManager.java:836): Initiating transaction rollback  
[DEBUG] 2020-02-18 17:02:40,616(1690) --&gt; [main] org.springframework.jdbc.datasource.DataSourceTransactionManager.doRollback(DataSourceTransactionManager.java:341): Rolling back JDBC transaction on Connection [com.mysql.cj.jdbc.ConnectionImpl@12f9af83]  
[DEBUG] 2020-02-18 17:02:40,618(1692) --&gt; [main] org.springframework.jdbc.datasource.DataSourceUtils.resetConnectionAfterTransaction(DataSourceUtils.java:239): Resetting read-only flag of JDBC Connection [com.mysql.cj.jdbc.ConnectionImpl@12f9af83]  
[DEBUG] 2020-02-18 17:02:40,618(1692) --&gt; [main] org.springframework.jdbc.datasource.DataSourceTransactionManager.doCleanupAfterCompletion(DataSourceTransactionManager.java:384): Releasing JDBC Connection [com.mysql.cj.jdbc.ConnectionImpl@12f9af83] after transaction  
[DEBUG] 2020-02-18 17:02:40,620(1694) --&gt; [main] org.springframework.test.context.support.AbstractDirtiesContextTestExecutionListener.beforeOrAfterTestMethod(AbstractDirtiesContextTestExecutionListener.java:107): After test method: context [DefaultTestContext@5faeada1 testClass = CrowdFundingTest, testInstance = xyz.lhtsky.atcrowdfunding.test.CrowdFundingTest@3f270e0a, testMethod = testMybatis@CrowdFundingTest, testException = org.mybatis.spring.MyBatisSystemException: nested exception is org.apache.ibatis.reflection.ReflectionException: Error instantiating class xyz.lhtsky.atcrowdfunding.entity.Admin with invalid types () or values (). Cause: java.lang.NoSuchMethodException: xyz.lhtsky.atcrowdfunding.entity.Admin.&lt;init&gt;(), mergedContextConfiguration = [MergedContextConfiguration@528931cf testClass = CrowdFundingTest, locations = &apos;{classpath:spring-persist-mybatis.xml, classpath:spring-persist-tx.xml}&apos;, classes = &apos;{}&apos;, contextInitializerClasses = &apos;[]&apos;, activeProfiles = &apos;{}&apos;, propertySourceLocations = &apos;{}&apos;, propertySourceProperties = &apos;{}&apos;, contextCustomizers = set[[empty]], contextLoader = &apos;org.springframework.test.context.support.DelegatingSmartContextLoader&apos;, parent = [null]], attributes = map[[empty]]], class annotated with @DirtiesContext [false] with mode [null], method annotated with @DirtiesContext [false] with mode [null].  
</system-out>
  </testcase>
</testsuite>