<?xml version="1.0" encoding="UTF-8"?>
<testsuite xmlns:xsi="http://www.w3.org/2001/XMLSchema-instance" xsi:noNamespaceSchemaLocation="https://maven.apache.org/surefire/maven-surefire-plugin/xsd/surefire-test-report.xsd" name="xyz.lhtsky.atcrowdfunding.test.CrowdFundingTest" time="2.755" tests="3" errors="1" skipped="0" failures="0">
  <properties>
    <property name="sun.desktop" value="windows"/>
    <property name="awt.toolkit" value="sun.awt.windows.WToolkit"/>
    <property name="file.encoding.pkg" value="sun.io"/>
    <property name="java.specification.version" value="1.8"/>
    <property name="sun.cpu.isalist" value="amd64"/>
    <property name="sun.jnu.encoding" value="GBK"/>
    <property name="java.class.path" value="G:\devop\atcrowdfunding-admin\admin-webui\target\test-classes;G:\devop\atcrowdfunding-admin\admin-webui\target\classes;G:\devop\atcrowdfunding-admin\admin-component\target\admin-component-1.0-SNAPSHOT.jar;G:\devop\atcrowdfunding-admin\admin-common\target\admin-common-1.0-SNAPSHOT.jar;G:\devop\atcrowdfunding-admin\admin-entity\target\admin-entity-1.0-SNAPSHOT.jar;G:\apache\maven-repository\org\mybatis\mybatis\3.2.8\mybatis-3.2.8.jar;G:\apache\maven-repository\org\springframework\spring-orm\5.1.5.RELEASE\spring-orm-5.1.5.RELEASE.jar;G:\apache\maven-repository\org\springframework\spring-beans\5.1.5.RELEASE\spring-beans-5.1.5.RELEASE.jar;G:\apache\maven-repository\org\springframework\spring-jdbc\5.1.5.RELEASE\spring-jdbc-5.1.5.RELEASE.jar;G:\apache\maven-repository\org\springframework\spring-tx\5.1.5.RELEASE\spring-tx-5.1.5.RELEASE.jar;G:\apache\maven-repository\org\springframework\spring-webmvc\5.1.5.RELEASE\spring-webmvc-5.1.5.RELEASE.jar;G:\apache\maven-repository\org\springframework\spring-aop\5.1.5.RELEASE\spring-aop-5.1.5.RELEASE.jar;G:\apache\maven-repository\org\springframework\spring-context\5.1.5.RELEASE\spring-context-5.1.5.RELEASE.jar;G:\apache\maven-repository\org\springframework\spring-expression\5.1.5.RELEASE\spring-expression-5.1.5.RELEASE.jar;G:\apache\maven-repository\org\springframework\spring-web\5.1.5.RELEASE\spring-web-5.1.5.RELEASE.jar;G:\apache\maven-repository\org\aspectj\aspectjweaver\1.9.2\aspectjweaver-1.9.2.jar;G:\apache\maven-repository\cglib\cglib\2.2\cglib-2.2.jar;G:\apache\maven-repository\asm\asm\3.1\asm-3.1.jar;G:\apache\maven-repository\mysql\mysql-connector-java\8.0.13\mysql-connector-java-8.0.13.jar;G:\apache\maven-repository\com\google\protobuf\protobuf-java\3.6.1\protobuf-java-3.6.1.jar;G:\apache\maven-repository\com\alibaba\druid\1.0.31\druid-1.0.31.jar;C:\Program Files\Java\jdk1.8.0_181\jre\..\lib\jconsole.jar;C:\Program Files\Java\jdk1.8.0_181\jre\..\lib\tools.jar;G:\apache\maven-repository\org\mybatis\mybatis-spring\1.2.2\mybatis-spring-1.2.2.jar;G:\apache\maven-repository\com\github\pagehelper\pagehelper\4.0.0\pagehelper-4.0.0.jar;G:\apache\maven-repository\com\github\jsqlparser\jsqlparser\0.9.1\jsqlparser-0.9.1.jar;G:\apache\maven-repository\log4j\log4j\1.2.17\log4j-1.2.17.jar;G:\apache\maven-repository\org\slf4j\slf4j-api\1.7.7\slf4j-api-1.7.7.jar;G:\apache\maven-repository\org\slf4j\slf4j-log4j12\1.7.7\slf4j-log4j12-1.7.7.jar;G:\apache\maven-repository\org\codehaus\jackson\jackson-mapper-asl\1.9.2\jackson-mapper-asl-1.9.2.jar;G:\apache\maven-repository\org\codehaus\jackson\jackson-core-asl\1.9.2\jackson-core-asl-1.9.2.jar;G:\apache\maven-repository\org\springframework\spring-test\5.1.5.RELEASE\spring-test-5.1.5.RELEASE.jar;G:\apache\maven-repository\org\springframework\spring-core\5.1.5.RELEASE\spring-core-5.1.5.RELEASE.jar;G:\apache\maven-repository\org\springframework\spring-jcl\5.1.5.RELEASE\spring-jcl-5.1.5.RELEASE.jar;G:\apache\maven-repository\junit\junit\4.12\junit-4.12.jar;G:\apache\maven-repository\org\hamcrest\hamcrest-core\1.3\hamcrest-core-1.3.jar;G:\apache\maven-repository\javax\servlet\servlet-api\2.5\servlet-api-2.5.jar;G:\apache\maven-repository\javax\servlet\jsp\jsp-api\2.1.3-b06\jsp-api-2.1.3-b06.jar;G:\apache\maven-repository\org\glassfish\javax.servlet\3.0-b70\javax.servlet-3.0-b70.jar;G:\apache\maven-repository\javax\el\el-api\2.1.2-b05\el-api-2.1.2-b05.jar;G:\apache\maven-repository\jstl\jstl\1.2\jstl-1.2.jar;"/>
    <property name="java.vm.vendor" value="Oracle Corporation"/>
    <property name="sun.arch.data.model" value="64"/>
    <property name="user.variant" value=""/>
    <property name="java.vendor.url" value="http://java.oracle.com/"/>
    <property name="user.timezone" value=""/>
    <property name="java.vm.specification.version" value="1.8"/>
    <property name="os.name" value="Windows 10"/>
    <property name="user.country" value="CN"/>
    <property name="sun.java.launcher" value="SUN_STANDARD"/>
    <property name="sun.boot.library.path" value="C:\Program Files\Java\jdk1.8.0_181\jre\bin"/>
    <property name="sun.java.command" value="C:\Users\61970\AppData\Local\Temp\surefire679072145421931693\surefirebooter4928082551282351070.jar C:\Users\61970\AppData\Local\Temp\surefire679072145421931693 2020-02-19T22-44-57_319-jvmRun1 surefire3073318800887546640tmp surefire_05043938274020303374tmp"/>
    <property name="surefire.test.class.path" value="G:\devop\atcrowdfunding-admin\admin-webui\target\test-classes;G:\devop\atcrowdfunding-admin\admin-webui\target\classes;G:\devop\atcrowdfunding-admin\admin-component\target\admin-component-1.0-SNAPSHOT.jar;G:\devop\atcrowdfunding-admin\admin-common\target\admin-common-1.0-SNAPSHOT.jar;G:\devop\atcrowdfunding-admin\admin-entity\target\admin-entity-1.0-SNAPSHOT.jar;G:\apache\maven-repository\org\mybatis\mybatis\3.2.8\mybatis-3.2.8.jar;G:\apache\maven-repository\org\springframework\spring-orm\5.1.5.RELEASE\spring-orm-5.1.5.RELEASE.jar;G:\apache\maven-repository\org\springframework\spring-beans\5.1.5.RELEASE\spring-beans-5.1.5.RELEASE.jar;G:\apache\maven-repository\org\springframework\spring-jdbc\5.1.5.RELEASE\spring-jdbc-5.1.5.RELEASE.jar;G:\apache\maven-repository\org\springframework\spring-tx\5.1.5.RELEASE\spring-tx-5.1.5.RELEASE.jar;G:\apache\maven-repository\org\springframework\spring-webmvc\5.1.5.RELEASE\spring-webmvc-5.1.5.RELEASE.jar;G:\apache\maven-repository\org\springframework\spring-aop\5.1.5.RELEASE\spring-aop-5.1.5.RELEASE.jar;G:\apache\maven-repository\org\springframework\spring-context\5.1.5.RELEASE\spring-context-5.1.5.RELEASE.jar;G:\apache\maven-repository\org\springframework\spring-expression\5.1.5.RELEASE\spring-expression-5.1.5.RELEASE.jar;G:\apache\maven-repository\org\springframework\spring-web\5.1.5.RELEASE\spring-web-5.1.5.RELEASE.jar;G:\apache\maven-repository\org\aspectj\aspectjweaver\1.9.2\aspectjweaver-1.9.2.jar;G:\apache\maven-repository\cglib\cglib\2.2\cglib-2.2.jar;G:\apache\maven-repository\asm\asm\3.1\asm-3.1.jar;G:\apache\maven-repository\mysql\mysql-connector-java\8.0.13\mysql-connector-java-8.0.13.jar;G:\apache\maven-repository\com\google\protobuf\protobuf-java\3.6.1\protobuf-java-3.6.1.jar;G:\apache\maven-repository\com\alibaba\druid\1.0.31\druid-1.0.31.jar;C:\Program Files\Java\jdk1.8.0_181\jre\..\lib\jconsole.jar;C:\Program Files\Java\jdk1.8.0_181\jre\..\lib\tools.jar;G:\apache\maven-repository\org\mybatis\mybatis-spring\1.2.2\mybatis-spring-1.2.2.jar;G:\apache\maven-repository\com\github\pagehelper\pagehelper\4.0.0\pagehelper-4.0.0.jar;G:\apache\maven-repository\com\github\jsqlparser\jsqlparser\0.9.1\jsqlparser-0.9.1.jar;G:\apache\maven-repository\log4j\log4j\1.2.17\log4j-1.2.17.jar;G:\apache\maven-repository\org\slf4j\slf4j-api\1.7.7\slf4j-api-1.7.7.jar;G:\apache\maven-repository\org\slf4j\slf4j-log4j12\1.7.7\slf4j-log4j12-1.7.7.jar;G:\apache\maven-repository\org\codehaus\jackson\jackson-mapper-asl\1.9.2\jackson-mapper-asl-1.9.2.jar;G:\apache\maven-repository\org\codehaus\jackson\jackson-core-asl\1.9.2\jackson-core-asl-1.9.2.jar;G:\apache\maven-repository\org\springframework\spring-test\5.1.5.RELEASE\spring-test-5.1.5.RELEASE.jar;G:\apache\maven-repository\org\springframework\spring-core\5.1.5.RELEASE\spring-core-5.1.5.RELEASE.jar;G:\apache\maven-repository\org\springframework\spring-jcl\5.1.5.RELEASE\spring-jcl-5.1.5.RELEASE.jar;G:\apache\maven-repository\junit\junit\4.12\junit-4.12.jar;G:\apache\maven-repository\org\hamcrest\hamcrest-core\1.3\hamcrest-core-1.3.jar;G:\apache\maven-repository\javax\servlet\servlet-api\2.5\servlet-api-2.5.jar;G:\apache\maven-repository\javax\servlet\jsp\jsp-api\2.1.3-b06\jsp-api-2.1.3-b06.jar;G:\apache\maven-repository\org\glassfish\javax.servlet\3.0-b70\javax.servlet-3.0-b70.jar;G:\apache\maven-repository\javax\el\el-api\2.1.2-b05\el-api-2.1.2-b05.jar;G:\apache\maven-repository\jstl\jstl\1.2\jstl-1.2.jar;"/>
    <property name="sun.cpu.endian" value="little"/>
    <property name="user.home" value="C:\Users\61970"/>
    <property name="user.language" value="zh"/>
    <property name="java.specification.vendor" value="Oracle Corporation"/>
    <property name="java.home" value="C:\Program Files\Java\jdk1.8.0_181\jre"/>
    <property name="basedir" value="G:\devop\atcrowdfunding-admin\admin-webui"/>
    <property name="file.separator" value="\"/>
    <property name="line.separator" value="&#10;"/>
    <property name="java.vm.specification.vendor" value="Oracle Corporation"/>
    <property name="java.specification.name" value="Java Platform API Specification"/>
    <property name="java.awt.graphicsenv" value="sun.awt.Win32GraphicsEnvironment"/>
    <property name="surefire.real.class.path" value="C:\Users\61970\AppData\Local\Temp\surefire679072145421931693\surefirebooter4928082551282351070.jar"/>
    <property name="sun.boot.class.path" value="C:\Program Files\Java\jdk1.8.0_181\jre\lib\resources.jar;C:\Program Files\Java\jdk1.8.0_181\jre\lib\rt.jar;C:\Program Files\Java\jdk1.8.0_181\jre\lib\sunrsasign.jar;C:\Program Files\Java\jdk1.8.0_181\jre\lib\jsse.jar;C:\Program Files\Java\jdk1.8.0_181\jre\lib\jce.jar;C:\Program Files\Java\jdk1.8.0_181\jre\lib\charsets.jar;C:\Program Files\Java\jdk1.8.0_181\jre\lib\jfr.jar;C:\Program Files\Java\jdk1.8.0_181\jre\classes"/>
    <property name="user.script" value=""/>
    <property name="sun.management.compiler" value="HotSpot 64-Bit Tiered Compilers"/>
    <property name="java.runtime.version" value="1.8.0_181-b13"/>
    <property name="user.name" value="61970"/>
    <property name="path.separator" value=";"/>
    <property name="os.version" value="10.0"/>
    <property name="java.endorsed.dirs" value="C:\Program Files\Java\jdk1.8.0_181\jre\lib\endorsed"/>
    <property name="java.runtime.name" value="Java(TM) SE Runtime Environment"/>
    <property name="file.encoding" value="GBK"/>
    <property name="java.vm.name" value="Java HotSpot(TM) 64-Bit Server VM"/>
    <property name="localRepository" value="G:\apache\maven-repository"/>
    <property name="java.vendor.url.bug" value="http://bugreport.sun.com/bugreport/"/>
    <property name="java.io.tmpdir" value="C:\Users\61970\AppData\Local\Temp\"/>
    <property name="java.version" value="1.8.0_181"/>
    <property name="user.dir" value="G:\devop\atcrowdfunding-admin\admin-webui"/>
    <property name="os.arch" value="amd64"/>
    <property name="java.vm.specification.name" value="Java Virtual Machine Specification"/>
    <property name="java.awt.printerjob" value="sun.awt.windows.WPrinterJob"/>
    <property name="sun.os.patch.level" value=""/>
    <property name="idea.version2019.3.3" value="true"/>
    <property name="java.library.path" value="C:\Program Files\Java\jdk1.8.0_181\jre\bin;C:\WINDOWS\Sun\Java\bin;C:\WINDOWS\system32;C:\WINDOWS;C:\Program Files (x86)\NetSarang\Xshell 6\;C:\Program Files (x86)\Common Files\Oracle\Java\javapath;C:\WINDOWS\system32;C:\WINDOWS;C:\WINDOWS\System32\Wbem;C:\WINDOWS\System32\WindowsPowerShell\v1.0\;C:\WINDOWS\System32\OpenSSH\;C:\Program Files\Java\jdk1.8.0_181\bin;C:\Program Files\Java\jdk1.8.0_181\jre\bin;C:\Program Files (x86)\NVIDIA Corporation\PhysX\Common;C:\Program Files\Git\cmd;C:\WINDOWS\system32;C:\WINDOWS;C:\WINDOWS\System32\Wbem;C:\WINDOWS\System32\WindowsPowerShell\v1.0\;C:\WINDOWS\System32\OpenSSH\;G:\apache\maven\bin;D:\Anaconda3;D:\Anaconda3\Library\mingw-w64\bin;D:\Anaconda3\Library\usr\bin;D:\Anaconda3\Library\bin;D:\Anaconda3\Scripts;C:\Users\61970\AppData\Local\Microsoft\WindowsApps;;."/>
    <property name="java.vm.info" value="mixed mode"/>
    <property name="java.vendor" value="Oracle Corporation"/>
    <property name="java.vm.version" value="25.181-b13"/>
    <property name="java.ext.dirs" value="C:\Program Files\Java\jdk1.8.0_181\jre\lib\ext;C:\WINDOWS\Sun\Java\lib\ext"/>
    <property name="sun.io.unicode.encoding" value="UnicodeLittle"/>
    <property name="java.class.version" value="52.0"/>
  </properties>
  <testcase name="testConnection" classname="xyz.lhtsky.atcrowdfunding.test.CrowdFundingTest" time="0.34"/>
  <testcase name="testTx" classname="xyz.lhtsky.atcrowdfunding.test.CrowdFundingTest" time="0.208">
    <error message="/ by zero" type="java.lang.ArithmeticException">java.lang.ArithmeticException: / by zero
	at xyz.lhtsky.atcrowdfunding.test.CrowdFundingTest.testTx(CrowdFundingTest.java:28)
</error>
    <system-out><![CDATA[[DEBUG] 2020-02-19 22:45:02,923(1815) --> [main] org.springframework.test.annotation.ProfileValueUtils.retrieveProfileValueSource(ProfileValueUtils.java:70): Retrieved @ProfileValueSourceConfiguration [null] for test class [xyz.lhtsky.atcrowdfunding.test.CrowdFundingTest]  
[DEBUG] 2020-02-19 22:45:02,924(1816) --> [main] org.springframework.test.annotation.ProfileValueUtils.retrieveProfileValueSource(ProfileValueUtils.java:83): Retrieved ProfileValueSource type [class org.springframework.test.annotation.SystemProfileValueSource] for class [xyz.lhtsky.atcrowdfunding.test.CrowdFundingTest]  
[DEBUG] 2020-02-19 22:45:02,924(1816) --> [main] org.springframework.test.context.support.DependencyInjectionTestExecutionListener.prepareTestInstance(DependencyInjectionTestExecutionListener.java:81): Performing dependency injection for test context [[DefaultTestContext@e874448 testClass = CrowdFundingTest, testInstance = xyz.lhtsky.atcrowdfunding.test.CrowdFundingTest@bcef303, testMethod = [null], testException = [null], mergedContextConfiguration = [MergedContextConfiguration@29b5cd00 testClass = CrowdFundingTest, locations = '{classpath:spring-persist-mybatis.xml, classpath:spring-persist-tx.xml}', classes = '{}', contextInitializerClasses = '[]', activeProfiles = '{}', propertySourceLocations = '{}', propertySourceProperties = '{}', contextCustomizers = set[[empty]], contextLoader = 'org.springframework.test.context.support.DelegatingSmartContextLoader', parent = [null]], attributes = map[[empty]]]].  
[DEBUG] 2020-02-19 22:45:02,925(1817) --> [main] org.springframework.test.context.cache.DefaultCacheAwareContextLoaderDelegate.loadContext(DefaultCacheAwareContextLoaderDelegate.java:130): Retrieved ApplicationContext from cache with key [[MergedContextConfiguration@29b5cd00 testClass = CrowdFundingTest, locations = '{classpath:spring-persist-mybatis.xml, classpath:spring-persist-tx.xml}', classes = '{}', contextInitializerClasses = '[]', activeProfiles = '{}', propertySourceLocations = '{}', propertySourceProperties = '{}', contextCustomizers = set[[empty]], contextLoader = 'org.springframework.test.context.support.DelegatingSmartContextLoader', parent = [null]]]  
[DEBUG] 2020-02-19 22:45:02,925(1817) --> [main] org.springframework.test.context.cache.DefaultContextCache.logStatistics(DefaultContextCache.java:290): Spring test ApplicationContext cache statistics: [DefaultContextCache@432038ec size = 1, maxSize = 32, parentContextCount = 0, hitCount = 1, missCount = 1]  
[DEBUG] 2020-02-19 22:45:02,926(1818) --> [main] org.springframework.test.context.support.AbstractDirtiesContextTestExecutionListener.beforeOrAfterTestMethod(AbstractDirtiesContextTestExecutionListener.java:107): Before test method: context [DefaultTestContext@e874448 testClass = CrowdFundingTest, testInstance = xyz.lhtsky.atcrowdfunding.test.CrowdFundingTest@bcef303, testMethod = testTx@CrowdFundingTest, testException = [null], mergedContextConfiguration = [MergedContextConfiguration@29b5cd00 testClass = CrowdFundingTest, locations = '{classpath:spring-persist-mybatis.xml, classpath:spring-persist-tx.xml}', classes = '{}', contextInitializerClasses = '[]', activeProfiles = '{}', propertySourceLocations = '{}', propertySourceProperties = '{}', contextCustomizers = set[[empty]], contextLoader = 'org.springframework.test.context.support.DelegatingSmartContextLoader', parent = [null]], attributes = map[[empty]]], class annotated with @DirtiesContext [false] with mode [null], method annotated with @DirtiesContext [false] with mode [null].  
[DEBUG] 2020-02-19 22:45:02,935(1827) --> [main] org.springframework.transaction.support.AbstractPlatformTransactionManager.getTransaction(AbstractPlatformTransactionManager.java:372): Creating new transaction with name [xyz.lhtsky.atcrowdfunding.service.impl.AdminServiceImpl.updateAdmin]: PROPAGATION_REQUIRES_NEW,ISOLATION_DEFAULT,-java.lang.Exception  
[DEBUG] 2020-02-19 22:45:02,944(1836) --> [main] org.springframework.jdbc.datasource.DataSourceTransactionManager.doBegin(DataSourceTransactionManager.java:264): Acquired Connection [com.mysql.cj.jdbc.ConnectionImpl@42bc14c1] for JDBC transaction  
[DEBUG] 2020-02-19 22:45:02,949(1841) --> [main] org.springframework.jdbc.datasource.DataSourceTransactionManager.doBegin(DataSourceTransactionManager.java:281): Switching JDBC Connection [com.mysql.cj.jdbc.ConnectionImpl@42bc14c1] to manual commit  
[DEBUG] 2020-02-19 22:45:02,956(1848) --> [main] org.mybatis.spring.SqlSessionUtils.getSqlSession(SqlSessionUtils.java:104): Creating a new SqlSession  
[DEBUG] 2020-02-19 22:45:02,961(1853) --> [main] org.mybatis.spring.SqlSessionUtils.getSqlSession(SqlSessionUtils.java:120): Registering transaction synchronization for SqlSession [org.apache.ibatis.session.defaults.DefaultSqlSession@6dee4f1b]  
[DEBUG] 2020-02-19 22:45:02,968(1860) --> [main] org.mybatis.spring.transaction.SpringManagedTransaction.openConnection(SpringManagedTransaction.java:86): JDBC Connection [com.mysql.cj.jdbc.ConnectionImpl@42bc14c1] will be managed by Spring  
[DEBUG] 2020-02-19 22:45:02,973(1865) --> [main] org.apache.ibatis.logging.jdbc.BaseJdbcLogger.debug(BaseJdbcLogger.java:139): ==>  Preparing: update t_admin set loginacct = ?, userpswd = ?, username = ?, email = ?, createtime = ? where id = ?   
[DEBUG] 2020-02-19 22:45:03,015(1907) --> [main] org.apache.ibatis.logging.jdbc.BaseJdbcLogger.debug(BaseJdbcLogger.java:139): ==> Parameters: harry333(String), 123123(String), 哈利333(String), harry@qq.com(String), null, 1(Integer)  
[DEBUG] 2020-02-19 22:45:03,019(1911) --> [main] org.apache.ibatis.logging.jdbc.BaseJdbcLogger.debug(BaseJdbcLogger.java:139): <==    Updates: 1  
[DEBUG] 2020-02-19 22:45:03,019(1911) --> [main] org.mybatis.spring.SqlSessionUtils.closeSqlSession(SqlSessionUtils.java:163): Releasing transactional SqlSession [org.apache.ibatis.session.defaults.DefaultSqlSession@6dee4f1b]  
[DEBUG] 2020-02-19 22:45:03,020(1912) --> [main] org.mybatis.spring.SqlSessionUtils$SqlSessionSynchronization.beforeCompletion(SqlSessionUtils.java:287): Transaction synchronization deregistering SqlSession [org.apache.ibatis.session.defaults.DefaultSqlSession@6dee4f1b]  
[DEBUG] 2020-02-19 22:45:03,020(1912) --> [main] org.mybatis.spring.SqlSessionUtils$SqlSessionSynchronization.beforeCompletion(SqlSessionUtils.java:292): Transaction synchronization closing SqlSession [org.apache.ibatis.session.defaults.DefaultSqlSession@6dee4f1b]  
[DEBUG] 2020-02-19 22:45:03,020(1912) --> [main] org.springframework.transaction.support.AbstractPlatformTransactionManager.processRollback(AbstractPlatformTransactionManager.java:836): Initiating transaction rollback  
[DEBUG] 2020-02-19 22:45:03,021(1913) --> [main] org.springframework.jdbc.datasource.DataSourceTransactionManager.doRollback(DataSourceTransactionManager.java:341): Rolling back JDBC transaction on Connection [com.mysql.cj.jdbc.ConnectionImpl@42bc14c1]  
[DEBUG] 2020-02-19 22:45:03,133(2025) --> [main] org.springframework.jdbc.datasource.DataSourceTransactionManager.doCleanupAfterCompletion(DataSourceTransactionManager.java:384): Releasing JDBC Connection [com.mysql.cj.jdbc.ConnectionImpl@42bc14c1] after transaction  
[DEBUG] 2020-02-19 22:45:03,134(2026) --> [main] org.springframework.test.context.support.AbstractDirtiesContextTestExecutionListener.beforeOrAfterTestMethod(AbstractDirtiesContextTestExecutionListener.java:107): After test method: context [DefaultTestContext@e874448 testClass = CrowdFundingTest, testInstance = xyz.lhtsky.atcrowdfunding.test.CrowdFundingTest@bcef303, testMethod = testTx@CrowdFundingTest, testException = java.lang.ArithmeticException: / by zero, mergedContextConfiguration = [MergedContextConfiguration@29b5cd00 testClass = CrowdFundingTest, locations = '{classpath:spring-persist-mybatis.xml, classpath:spring-persist-tx.xml}', classes = '{}', contextInitializerClasses = '[]', activeProfiles = '{}', propertySourceLocations = '{}', propertySourceProperties = '{}', contextCustomizers = set[[empty]], contextLoader = 'org.springframework.test.context.support.DelegatingSmartContextLoader', parent = [null]], attributes = map[[empty]]], class annotated with @DirtiesContext [false] with mode [null], method annotated with @DirtiesContext [false] with mode [null].  
]]></system-out>
  </testcase>
  <testcase name="testMybatis" classname="xyz.lhtsky.atcrowdfunding.test.CrowdFundingTest" time="0.422"/>
</testsuite>